2022-05-16 01:39:29,249 Leitura do arquivo de configuracao
2022-05-16 01:39:29,249 Fim da leitura do arquivo de configuracao
2022-05-16 01:39:29,249 Executou o procedimento anterior em: 0.000000 segundos
2022-05-16 01:39:29,249 Leu 7 instrucoes
2022-05-16 01:39:29,249 Leitura dos arquivos LEIA e criacao das listas invertidas
2022-05-16 01:39:32,169 Fim da leitura dos arquivos LEIA e criacao das listas invertidas
2022-05-16 01:39:32,169 Executou o procedimento anterior em: 2.919873 segundos
2022-05-16 01:39:32,169 Leu 1239 artigos
2022-05-16 01:39:32,169 Escrita do arquivo ESCREVA
2022-05-16 01:39:32,232 Fim escrita do arquivo ESCREVA
2022-05-16 01:39:32,232 Executou o procedimento anterior em: 0.062486 segundos
2022-05-16 01:39:32,232 INICIA INDEXADOR
2022-05-16 01:39:32,232 Leitura do arquivo de configuracao
2022-05-16 01:39:32,232 Fim da leitura do arquivo de configuracao
2022-05-16 01:39:32,232 Executou o procedimento anterior em: 0.000000 segundos
2022-05-16 01:39:32,232 Leu 2 instrucoes
2022-05-16 01:39:32,232 Leitura do arquivo LEIA
2022-05-16 01:39:32,602 Leitura do arquivo LEIA
2022-05-16 01:39:32,602 Executou o procedimento anterior em: 0.370227 segundos
2022-05-16 01:39:32,602 Leu 11508 palavras
2022-05-16 01:39:32,602 Mas apenas 8955 palavras foram selecionadas
2022-05-16 01:39:32,602 Criacao da estrutura do modelo
2022-05-16 01:39:33,171 Fim da criacao da estrutura do modelo
2022-05-16 01:39:33,171 Executou o procedimento anterior em: 0.569412 segundos
2022-05-16 01:39:33,171 Escrita do arquivo MODELO
2022-05-16 01:39:34,543 Fim da Escrita do arquivo MODELO
2022-05-16 01:39:34,543 Executou o procedimento anterior em: 1.371959 segundos
